<?xml version="1.0" encoding="UTF-8"?>
<!-- Generated by org.testng.reporters.JUnitXMLReporter -->
<testsuite ignored="0" hostname="DESKTOP-OLGD41Q" failures="0" tests="3" name="Default test" time="37.121" errors="0" timestamp="2023-01-13T15:02:12 IST">
  <testcase classname="quickstart.Tests.DemoTest" name="GoogleSearch_Facebook" time="8.199"/>
  <testcase classname="quickstart.Tests.DemoTest" name="GoogleSearch_LinkedIn" time="8.824"/>
  <testcase classname="quickstart.Tests.DemoTest" name="GoogleSearch_Twitter" time="9.345"/>
</testsuite> <!-- Default test -->
