<?xml version="1.0" encoding="UTF-8"?>
<testng-results ignored="0" total="3" passed="3" failed="0" skipped="0">
  <reporter-output>
  </reporter-output>
  <suite started-at="2023-01-13T15:01:35 IST" name="Default suite" finished-at="2023-01-13T15:02:12 IST" duration-ms="37121">
    <groups>
    </groups>
    <test started-at="2023-01-13T15:01:35 IST" name="Default test" finished-at="2023-01-13T15:02:12 IST" duration-ms="37121">
      <class name="quickstart.Tests.DemoTest">
        <test-method is-config="true" signature="startTestSuite()[pri:0, instance:quickstart.Tests.DemoTest@428640fa]" started-at="2023-01-13T15:01:30 IST" name="startTestSuite" finished-at="2023-01-13T15:01:35 IST" duration-ms="4482" status="PASS">
          <reporter-output>
          </reporter-output>
        </test-method> <!-- startTestSuite -->
        <test-method is-config="true" signature="startTest(java.lang.reflect.Method)[pri:0, instance:quickstart.Tests.DemoTest@428640fa]" started-at="2023-01-13T15:01:35 IST" name="startTest" finished-at="2023-01-13T15:01:43 IST" duration-ms="8565" status="PASS">
          <params>
            <param index="0">
              <value>
                <![CDATA[public void quickstart.Tests.DemoTest.GoogleSearch_Facebook() throws java.io.IOException]]>
              </value>
            </param>
          </params>
          <reporter-output>
          </reporter-output>
        </test-method> <!-- startTest -->
        <test-method signature="GoogleSearch_Facebook()[pri:0, instance:quickstart.Tests.DemoTest@428640fa]" started-at="2023-01-13T15:01:43 IST" name="GoogleSearch_Facebook" finished-at="2023-01-13T15:01:52 IST" duration-ms="8199" status="PASS">
          <reporter-output>
          </reporter-output>
        </test-method> <!-- GoogleSearch_Facebook -->
        <test-method is-config="true" signature="endTest()[pri:0, instance:quickstart.Tests.DemoTest@428640fa]" started-at="2023-01-13T15:01:52 IST" name="endTest" finished-at="2023-01-13T15:01:52 IST" duration-ms="1" status="PASS">
          <reporter-output>
          </reporter-output>
        </test-method> <!-- endTest -->
        <test-method is-config="true" signature="startTest(java.lang.reflect.Method)[pri:0, instance:quickstart.Tests.DemoTest@428640fa]" started-at="2023-01-13T15:01:52 IST" name="startTest" finished-at="2023-01-13T15:01:53 IST" duration-ms="1254" status="PASS">
          <params>
            <param index="0">
              <value>
                <![CDATA[public void quickstart.Tests.DemoTest.GoogleSearch_LinkedIn() throws java.io.IOException]]>
              </value>
            </param>
          </params>
          <reporter-output>
          </reporter-output>
        </test-method> <!-- startTest -->
        <test-method signature="GoogleSearch_LinkedIn()[pri:0, instance:quickstart.Tests.DemoTest@428640fa]" started-at="2023-01-13T15:01:53 IST" name="GoogleSearch_LinkedIn" finished-at="2023-01-13T15:02:02 IST" duration-ms="8824" status="PASS">
          <reporter-output>
          </reporter-output>
        </test-method> <!-- GoogleSearch_LinkedIn -->
        <test-method is-config="true" signature="endTest()[pri:0, instance:quickstart.Tests.DemoTest@428640fa]" started-at="2023-01-13T15:02:02 IST" name="endTest" finished-at="2023-01-13T15:02:02 IST" duration-ms="1" status="PASS">
          <reporter-output>
          </reporter-output>
        </test-method> <!-- endTest -->
        <test-method is-config="true" signature="startTest(java.lang.reflect.Method)[pri:0, instance:quickstart.Tests.DemoTest@428640fa]" started-at="2023-01-13T15:02:02 IST" name="startTest" finished-at="2023-01-13T15:02:03 IST" duration-ms="874" status="PASS">
          <params>
            <param index="0">
              <value>
                <![CDATA[public void quickstart.Tests.DemoTest.GoogleSearch_Twitter() throws java.io.IOException]]>
              </value>
            </param>
          </params>
          <reporter-output>
          </reporter-output>
        </test-method> <!-- startTest -->
        <test-method signature="GoogleSearch_Twitter()[pri:0, instance:quickstart.Tests.DemoTest@428640fa]" started-at="2023-01-13T15:02:03 IST" name="GoogleSearch_Twitter" finished-at="2023-01-13T15:02:12 IST" duration-ms="9345" status="PASS">
          <reporter-output>
          </reporter-output>
        </test-method> <!-- GoogleSearch_Twitter -->
        <test-method is-config="true" signature="endTest()[pri:0, instance:quickstart.Tests.DemoTest@428640fa]" started-at="2023-01-13T15:02:12 IST" name="endTest" finished-at="2023-01-13T15:02:12 IST" duration-ms="1" status="PASS">
          <reporter-output>
          </reporter-output>
        </test-method> <!-- endTest -->
        <test-method is-config="true" signature="endTestSuite()[pri:0, instance:quickstart.Tests.DemoTest@428640fa]" started-at="2023-01-13T15:02:12 IST" name="endTestSuite" finished-at="2023-01-13T15:02:14 IST" duration-ms="1722" status="PASS">
          <reporter-output>
          </reporter-output>
        </test-method> <!-- endTestSuite -->
      </class> <!-- quickstart.Tests.DemoTest -->
    </test> <!-- Default test -->
  </suite> <!-- Default suite -->
</testng-results>
